<?xml version="1.0" encoding="UTF-8"?>
<coverage generated="1695347948710" clover="3.2.0">
  <project timestamp="1695347948710" name="All files">
    <metrics statements="138" coveredstatements="71" conditionals="32" coveredconditionals="11" methods="28" coveredmethods="14" elements="198" coveredelements="96" complexity="0" loc="138" ncloc="138" packages="1" files="2" classes="2"/>
    <file name="app.js" path="C:\Users\jonsh\Documents\Dev\word-search-api\app.js">
      <metrics statements="74" coveredstatements="26" conditionals="16" coveredconditionals="1" methods="12" coveredmethods="3"/>
      <line num="1" count="1" type="stmt"/>
      <line num="2" count="1" type="stmt"/>
      <line num="3" count="1" type="stmt"/>
      <line num="4" count="1" type="stmt"/>
      <line num="5" count="1" type="stmt"/>
      <line num="7" count="1" type="stmt"/>
      <line num="8" count="1" type="stmt"/>
      <line num="9" count="1" type="stmt"/>
      <line num="10" count="1" type="stmt"/>
      <line num="12" count="1" type="stmt"/>
      <line num="13" count="0" type="stmt"/>
      <line num="16" count="1" type="stmt"/>
      <line num="17" count="1" type="stmt"/>
      <line num="19" count="1" type="stmt"/>
      <line num="20" count="0" type="cond" truecount="0" falsecount="2"/>
      <line num="21" count="0" type="stmt"/>
      <line num="24" count="0" type="stmt"/>
      <line num="26" count="0" type="stmt"/>
      <line num="27" count="0" type="stmt"/>
      <line num="29" count="0" type="stmt"/>
      <line num="33" count="1" type="stmt"/>
      <line num="34" count="0" type="cond" truecount="0" falsecount="4"/>
      <line num="35" count="0" type="stmt"/>
      <line num="36" count="0" type="stmt"/>
      <line num="38" count="0" type="stmt"/>
      <line num="41" count="0" type="stmt"/>
      <line num="43" count="0" type="stmt"/>
      <line num="44" count="0" type="stmt"/>
      <line num="47" count="0" type="stmt"/>
      <line num="49" count="0" type="cond" truecount="0" falsecount="2"/>
      <line num="51" count="0" type="stmt"/>
      <line num="54" count="0" type="stmt"/>
      <line num="55" count="0" type="stmt"/>
      <line num="59" count="0" type="stmt"/>
      <line num="64" count="2" type="stmt"/>
      <line num="68" count="1" type="stmt"/>
      <line num="69" count="0" type="stmt"/>
      <line num="70" count="0" type="stmt"/>
      <line num="71" count="0" type="stmt"/>
      <line num="73" count="0" type="stmt"/>
      <line num="76" count="0" type="cond" truecount="0" falsecount="2"/>
      <line num="77" count="0" type="stmt"/>
      <line num="81" count="0" type="stmt"/>
      <line num="83" count="0" type="stmt"/>
      <line num="84" count="0" type="stmt"/>
      <line num="89" count="1" type="stmt"/>
      <line num="90" count="0" type="stmt"/>
      <line num="92" count="0" type="cond" truecount="0" falsecount="4"/>
      <line num="93" count="0" type="stmt"/>
      <line num="97" count="0" type="stmt"/>
      <line num="100" count="0" type="stmt"/>
      <line num="104" count="1" type="stmt"/>
      <line num="105" count="1" type="stmt"/>
      <line num="106" count="1" type="stmt"/>
      <line num="110" count="1" type="stmt"/>
      <line num="111" count="0" type="stmt"/>
      <line num="112" count="0" type="stmt"/>
      <line num="115" count="0" type="stmt"/>
      <line num="116" count="0" type="stmt"/>
      <line num="117" count="0" type="stmt"/>
      <line num="120" count="0" type="stmt"/>
      <line num="126" count="1" type="stmt"/>
      <line num="131" count="1" type="stmt"/>
      <line num="135" count="1" type="stmt"/>
      <line num="136" count="0" type="stmt"/>
      <line num="138" count="0" type="stmt"/>
      <line num="141" count="0" type="stmt"/>
      <line num="143" count="0" type="stmt"/>
      <line num="144" count="0" type="stmt"/>
      <line num="147" count="0" type="stmt"/>
      <line num="155" count="1" type="cond" truecount="1" falsecount="1"/>
      <line num="156" count="0" type="stmt"/>
      <line num="157" count="0" type="stmt"/>
      <line num="161" count="1" type="stmt"/>
    </file>
    <file name="trie.js" path="C:\Users\jonsh\Documents\Dev\word-search-api\trie.js">
      <metrics statements="64" coveredstatements="45" conditionals="16" coveredconditionals="10" methods="16" coveredmethods="11"/>
      <line num="4" count="44" type="stmt"/>
      <line num="5" count="44" type="stmt"/>
      <line num="6" count="44" type="stmt"/>
      <line num="7" count="44" type="stmt"/>
      <line num="13" count="4" type="stmt"/>
      <line num="18" count="16" type="stmt"/>
      <line num="19" count="16" type="stmt"/>
      <line num="20" count="84" type="cond" truecount="2" falsecount="0"/>
      <line num="21" count="40" type="stmt"/>
      <line num="23" count="84" type="stmt"/>
      <line num="24" count="84" type="stmt"/>
      <line num="26" count="16" type="stmt"/>
      <line num="27" count="16" type="stmt"/>
      <line num="32" count="2" type="stmt"/>
      <line num="35" count="2" type="stmt"/>
      <line num="36" count="6" type="stmt"/>
      <line num="37" count="6" type="stmt"/>
      <line num="40" count="6" type="stmt"/>
      <line num="42" count="6" type="cond" truecount="2" falsecount="0"/>
      <line num="43" count="1" type="stmt"/>
      <line num="48" count="2" type="cond" truecount="2" falsecount="0"/>
      <line num="49" count="1" type="stmt"/>
      <line num="50" count="1" type="stmt"/>
      <line num="54" count="2" type="stmt"/>
      <line num="58" count="6" type="stmt"/>
      <line num="59" count="6" type="stmt"/>
      <line num="60" count="66" type="cond" truecount="2" falsecount="0"/>
      <line num="61" count="24" type="stmt"/>
      <line num="63" count="66" type="stmt"/>
      <line num="64" count="60" type="stmt"/>
      <line num="68" count="6" type="stmt"/>
      <line num="71" count="6" type="stmt"/>
      <line num="72" count="24" type="stmt"/>
      <line num="75" count="6" type="stmt"/>
      <line num="79" count="1" type="stmt"/>
      <line num="81" count="1" type="stmt"/>
      <line num="82" count="11" type="cond" truecount="2" falsecount="0"/>
      <line num="83" count="4" type="stmt"/>
      <line num="85" count="11" type="stmt"/>
      <line num="86" count="10" type="stmt"/>
      <line num="90" count="1" type="stmt"/>
      <line num="93" count="1" type="stmt"/>
      <line num="94" count="4" type="stmt"/>
      <line num="97" count="1" type="stmt"/>
      <line num="101" count="0" type="stmt"/>
      <line num="102" count="0" type="stmt"/>
      <line num="103" count="0" type="cond" truecount="0" falsecount="2"/>
      <line num="104" count="0" type="stmt"/>
      <line num="106" count="0" type="stmt"/>
      <line num="108" count="0" type="stmt"/>
      <line num="112" count="0" type="stmt"/>
      <line num="113" count="0" type="stmt"/>
      <line num="116" count="0" type="stmt"/>
      <line num="117" count="0" type="cond" truecount="0" falsecount="2"/>
      <line num="118" count="0" type="stmt"/>
      <line num="120" count="0" type="cond" truecount="0" falsecount="2"/>
      <line num="121" count="0" type="stmt"/>
      <line num="122" count="0" type="stmt"/>
      <line num="124" count="0" type="stmt"/>
      <line num="125" count="0" type="stmt"/>
      <line num="129" count="0" type="stmt"/>
      <line num="130" count="0" type="stmt"/>
      <line num="134" count="0" type="stmt"/>
      <line num="138" count="1" type="stmt"/>
    </file>
  </project>
</coverage>
