{"C:\\Users\\jonsh\\Documents\\Dev\\word-search-api\\app.js": {"path":"C:\\Users\\jonsh\\Documents\\Dev\\word-search-api\\app.js","statementMap":{"0":{"start":{"line":1,"column":16},"end":{"line":1,"column":34}},"1":{"start":{"line":2,"column":11},"end":{"line":2,"column":24}},"2":{"start":{"line":3,"column":13},"end":{"line":3,"column":28}},"3":{"start":{"line":4,"column":26},"end":{"line":4,"column":40}},"4":{"start":{"line":5,"column":13},"end":{"line":5,"column":33}},"5":{"start":{"line":7,"column":12},"end":{"line":7,"column":21}},"6":{"start":{"line":8,"column":13},"end":{"line":8,"column":17}},"7":{"start":{"line":9,"column":0},"end":{"line":9,"column":56}},"8":{"start":{"line":10,"column":0},"end":{"line":10,"column":24}},"9":{"start":{"line":12,"column":0},"end":{"line":14,"column":3}},"10":{"start":{"line":13,"column":4},"end":{"line":13,"column":47}},"11":{"start":{"line":16,"column":11},"end":{"line":16,"column":15}},"12":{"start":{"line":17,"column":18},"end":{"line":17,"column":22}},"13":{"start":{"line":19,"column":18},"end":{"line":30,"column":1}},"14":{"start":{"line":20,"column":4},"end":{"line":22,"column":5}},"15":{"start":{"line":21,"column":8},"end":{"line":21,"column":26}},"16":{"start":{"line":24,"column":18},"end":{"line":24,"column":35}},"17":{"start":{"line":26,"column":4},"end":{"line":28,"column":7}},"18":{"start":{"line":27,"column":8},"end":{"line":27,"column":23}},"19":{"start":{"line":29,"column":4},"end":{"line":29,"column":16}},"20":{"start":{"line":33,"column":0},"end":{"line":61,"column":3}},"21":{"start":{"line":34,"column":4},"end":{"line":60,"column":5}},"22":{"start":{"line":35,"column":8},"end":{"line":57,"column":9}},"23":{"start":{"line":36,"column":29},"end":{"line":36,"column":76}},"24":{"start":{"line":38,"column":12},"end":{"line":38,"column":47}},"25":{"start":{"line":41,"column":12},"end":{"line":41,"column":72}},"26":{"start":{"line":43,"column":12},"end":{"line":43,"column":48}},"27":{"start":{"line":44,"column":12},"end":{"line":44,"column":44}},"28":{"start":{"line":47,"column":12},"end":{"line":47,"column":46}},"29":{"start":{"line":49,"column":12},"end":{"line":56,"column":13}},"30":{"start":{"line":51,"column":16},"end":{"line":51,"column":56}},"31":{"start":{"line":54,"column":16},"end":{"line":54,"column":61}},"32":{"start":{"line":55,"column":16},"end":{"line":55,"column":62}},"33":{"start":{"line":59,"column":8},"end":{"line":59,"column":42}},"34":{"start":{"line":64,"column":4},"end":{"line":64,"column":47}},"35":{"start":{"line":68,"column":0},"end":{"line":86,"column":3}},"36":{"start":{"line":69,"column":4},"end":{"line":85,"column":5}},"37":{"start":{"line":70,"column":27},"end":{"line":70,"column":42}},"38":{"start":{"line":71,"column":8},"end":{"line":71,"column":67}},"39":{"start":{"line":73,"column":28},"end":{"line":73,"column":56}},"40":{"start":{"line":76,"column":8},"end":{"line":78,"column":9}},"41":{"start":{"line":77,"column":12},"end":{"line":77,"column":49}},"42":{"start":{"line":81,"column":8},"end":{"line":81,"column":48}},"43":{"start":{"line":83,"column":8},"end":{"line":83,"column":54}},"44":{"start":{"line":84,"column":8},"end":{"line":84,"column":65}},"45":{"start":{"line":89,"column":0},"end":{"line":101,"column":3}},"46":{"start":{"line":90,"column":27},"end":{"line":90,"column":36}},"47":{"start":{"line":92,"column":4},"end":{"line":94,"column":5}},"48":{"start":{"line":93,"column":8},"end":{"line":93,"column":70}},"49":{"start":{"line":97,"column":18},"end":{"line":97,"column":43}},"50":{"start":{"line":100,"column":4},"end":{"line":100,"column":36}},"51":{"start":{"line":104,"column":18},"end":{"line":104,"column":56}},"52":{"start":{"line":105,"column":4},"end":{"line":105,"column":62}},"53":{"start":{"line":106,"column":4},"end":{"line":106,"column":23}},"54":{"start":{"line":110,"column":0},"end":{"line":121,"column":3}},"55":{"start":{"line":111,"column":44},"end":{"line":111,"column":52}},"56":{"start":{"line":112,"column":4},"end":{"line":112,"column":71}},"57":{"start":{"line":115,"column":4},"end":{"line":115,"column":72}},"58":{"start":{"line":116,"column":4},"end":{"line":116,"column":17}},"59":{"start":{"line":117,"column":4},"end":{"line":117,"column":40}},"60":{"start":{"line":120,"column":4},"end":{"line":120,"column":38}},"61":{"start":{"line":126,"column":4},"end":{"line":129,"column":6}},"62":{"start":{"line":131,"column":4},"end":{"line":131,"column":23}},"63":{"start":{"line":135,"column":0},"end":{"line":148,"column":3}},"64":{"start":{"line":136,"column":27},"end":{"line":136,"column":35}},"65":{"start":{"line":138,"column":4},"end":{"line":138,"column":57}},"66":{"start":{"line":141,"column":4},"end":{"line":141,"column":54}},"67":{"start":{"line":143,"column":4},"end":{"line":143,"column":17}},"68":{"start":{"line":144,"column":4},"end":{"line":144,"column":40}},"69":{"start":{"line":147,"column":4},"end":{"line":147,"column":38}},"70":{"start":{"line":155,"column":0},"end":{"line":159,"column":1}},"71":{"start":{"line":156,"column":4},"end":{"line":158,"column":7}},"72":{"start":{"line":157,"column":8},"end":{"line":157,"column":57}},"73":{"start":{"line":161,"column":0},"end":{"line":166,"column":2}}},"fnMap":{"0":{"name":"(anonymous_0)","decl":{"start":{"line":12,"column":13},"end":{"line":12,"column":14}},"loc":{"start":{"line":12,"column":27},"end":{"line":14,"column":1}},"line":12},"1":{"name":"(anonymous_1)","decl":{"start":{"line":19,"column":18},"end":{"line":19,"column":19}},"loc":{"start":{"line":19,"column":34},"end":{"line":30,"column":1}},"line":19},"2":{"name":"(anonymous_2)","decl":{"start":{"line":26,"column":18},"end":{"line":26,"column":19}},"loc":{"start":{"line":26,"column":28},"end":{"line":28,"column":5}},"line":26},"3":{"name":"(anonymous_3)","decl":{"start":{"line":33,"column":28},"end":{"line":33,"column":29}},"loc":{"start":{"line":33,"column":48},"end":{"line":61,"column":1}},"line":33},"4":{"name":"searchTrie","decl":{"start":{"line":63,"column":9},"end":{"line":63,"column":19}},"loc":{"start":{"line":63,"column":38},"end":{"line":65,"column":1}},"line":63},"5":{"name":"(anonymous_5)","decl":{"start":{"line":68,"column":23},"end":{"line":68,"column":24}},"loc":{"start":{"line":68,"column":43},"end":{"line":86,"column":1}},"line":68},"6":{"name":"(anonymous_6)","decl":{"start":{"line":89,"column":34},"end":{"line":89,"column":35}},"loc":{"start":{"line":89,"column":48},"end":{"line":101,"column":1}},"line":89},"7":{"name":"replaceText","decl":{"start":{"line":103,"column":9},"end":{"line":103,"column":20}},"loc":{"start":{"line":103,"column":63},"end":{"line":107,"column":1}},"line":103},"8":{"name":"(anonymous_8)","decl":{"start":{"line":110,"column":26},"end":{"line":110,"column":27}},"loc":{"start":{"line":110,"column":40},"end":{"line":121,"column":1}},"line":110},"9":{"name":"deleteText","decl":{"start":{"line":123,"column":9},"end":{"line":123,"column":19}},"loc":{"start":{"line":123,"column":45},"end":{"line":132,"column":1}},"line":123},"10":{"name":"(anonymous_10)","decl":{"start":{"line":135,"column":25},"end":{"line":135,"column":26}},"loc":{"start":{"line":135,"column":39},"end":{"line":148,"column":1}},"line":135},"11":{"name":"(anonymous_11)","decl":{"start":{"line":156,"column":21},"end":{"line":156,"column":22}},"loc":{"start":{"line":156,"column":27},"end":{"line":158,"column":5}},"line":156}},"branchMap":{"0":{"loc":{"start":{"line":20,"column":4},"end":{"line":22,"column":5}},"type":"if","locations":[{"start":{"line":20,"column":4},"end":{"line":22,"column":5}},{"start":{},"end":{}}],"line":20},"1":{"loc":{"start":{"line":34,"column":4},"end":{"line":60,"column":5}},"type":"if","locations":[{"start":{"line":34,"column":4},"end":{"line":60,"column":5}},{"start":{"line":58,"column":11},"end":{"line":60,"column":5}}],"line":34},"2":{"loc":{"start":{"line":34,"column":8},"end":{"line":34,"column":29}},"type":"binary-expr","locations":[{"start":{"line":34,"column":8},"end":{"line":34,"column":13}},{"start":{"line":34,"column":17},"end":{"line":34,"column":29}}],"line":34},"3":{"loc":{"start":{"line":49,"column":12},"end":{"line":56,"column":13}},"type":"if","locations":[{"start":{"line":49,"column":12},"end":{"line":56,"column":13}},{"start":{"line":52,"column":19},"end":{"line":56,"column":13}}],"line":49},"4":{"loc":{"start":{"line":76,"column":8},"end":{"line":78,"column":9}},"type":"if","locations":[{"start":{"line":76,"column":8},"end":{"line":78,"column":9}},{"start":{},"end":{}}],"line":76},"5":{"loc":{"start":{"line":92,"column":4},"end":{"line":94,"column":5}},"type":"if","locations":[{"start":{"line":92,"column":4},"end":{"line":94,"column":5}},{"start":{},"end":{}}],"line":92},"6":{"loc":{"start":{"line":92,"column":8},"end":{"line":92,"column":47}},"type":"binary-expr","locations":[{"start":{"line":92,"column":8},"end":{"line":92,"column":19}},{"start":{"line":92,"column":23},"end":{"line":92,"column":47}}],"line":92},"7":{"loc":{"start":{"line":155,"column":0},"end":{"line":159,"column":1}},"type":"if","locations":[{"start":{"line":155,"column":0},"end":{"line":159,"column":1}},{"start":{},"end":{}}],"line":155}},"s":{"0":1,"1":1,"2":1,"3":1,"4":1,"5":1,"6":1,"7":1,"8":1,"9":1,"10":0,"11":1,"12":1,"13":1,"14":0,"15":0,"16":0,"17":0,"18":0,"19":0,"20":1,"21":0,"22":0,"23":0,"24":0,"25":0,"26":0,"27":0,"28":0,"29":0,"30":0,"31":0,"32":0,"33":0,"34":2,"35":1,"36":0,"37":0,"38":0,"39":0,"40":0,"41":0,"42":0,"43":0,"44":0,"45":1,"46":0,"47":0,"48":0,"49":0,"50":0,"51":1,"52":1,"53":1,"54":1,"55":0,"56":0,"57":0,"58":0,"59":0,"60":0,"61":1,"62":1,"63":1,"64":0,"65":0,"66":0,"67":0,"68":0,"69":0,"70":1,"71":0,"72":0,"73":1},"f":{"0":0,"1":0,"2":0,"3":0,"4":2,"5":0,"6":0,"7":1,"8":0,"9":1,"10":0,"11":0},"b":{"0":[0,0],"1":[0,0],"2":[0,0],"3":[0,0],"4":[0,0],"5":[0,0],"6":[0,0],"7":[0,1]},"_coverageSchema":"1a1c01bbd47fc00a2c39e90264f33305004495a9","hash":"3bf128abea0c306c78389d7fc1cb90d0b297eaa9"}
,"C:\\Users\\jonsh\\Documents\\Dev\\word-search-api\\trie.js": {"path":"C:\\Users\\jonsh\\Documents\\Dev\\word-search-api\\trie.js","statementMap":{"0":{"start":{"line":4,"column":8},"end":{"line":4,"column":34}},"1":{"start":{"line":5,"column":8},"end":{"line":5,"column":33}},"2":{"start":{"line":6,"column":8},"end":{"line":6,"column":34}},"3":{"start":{"line":7,"column":8},"end":{"line":7,"column":23}},"4":{"start":{"line":13,"column":8},"end":{"line":13,"column":35}},"5":{"start":{"line":18,"column":19},"end":{"line":18,"column":28}},"6":{"start":{"line":19,"column":8},"end":{"line":25,"column":9}},"7":{"start":{"line":20,"column":12},"end":{"line":22,"column":13}},"8":{"start":{"line":21,"column":16},"end":{"line":21,"column":56}},"9":{"start":{"line":23,"column":12},"end":{"line":23,"column":43}},"10":{"start":{"line":24,"column":12},"end":{"line":24,"column":44}},"11":{"start":{"line":26,"column":8},"end":{"line":26,"column":32}},"12":{"start":{"line":27,"column":8},"end":{"line":27,"column":21}},"13":{"start":{"line":32,"column":29},"end":{"line":32,"column":38}},"14":{"start":{"line":35,"column":8},"end":{"line":45,"column":9}},"15":{"start":{"line":35,"column":23},"end":{"line":35,"column":35}},"16":{"start":{"line":36,"column":27},"end":{"line":36,"column":50}},"17":{"start":{"line":37,"column":31},"end":{"line":37,"column":65}},"18":{"start":{"line":40,"column":12},"end":{"line":40,"column":65}},"19":{"start":{"line":40,"column":41},"end":{"line":40,"column":63}},"20":{"start":{"line":42,"column":12},"end":{"line":44,"column":13}},"21":{"start":{"line":43,"column":16},"end":{"line":43,"column":22}},"22":{"start":{"line":48,"column":8},"end":{"line":51,"column":9}},"23":{"start":{"line":49,"column":40},"end":{"line":49,"column":76}},"24":{"start":{"line":50,"column":12},"end":{"line":50,"column":74}},"25":{"start":{"line":50,"column":50},"end":{"line":50,"column":72}},"26":{"start":{"line":54,"column":8},"end":{"line":54,"column":52}},"27":{"start":{"line":58,"column":29},"end":{"line":58,"column":31}},"28":{"start":{"line":59,"column":20},"end":{"line":66,"column":9}},"29":{"start":{"line":60,"column":12},"end":{"line":62,"column":13}},"30":{"start":{"line":61,"column":16},"end":{"line":61,"column":49}},"31":{"start":{"line":63,"column":12},"end":{"line":65,"column":13}},"32":{"start":{"line":64,"column":16},"end":{"line":64,"column":53}},"33":{"start":{"line":68,"column":8},"end":{"line":68,"column":27}},"34":{"start":{"line":71,"column":30},"end":{"line":73,"column":9}},"35":{"start":{"line":72,"column":12},"end":{"line":72,"column":35}},"36":{"start":{"line":75,"column":8},"end":{"line":75,"column":41}},"37":{"start":{"line":79,"column":29},"end":{"line":79,"column":31}},"38":{"start":{"line":81,"column":20},"end":{"line":88,"column":9}},"39":{"start":{"line":82,"column":12},"end":{"line":84,"column":13}},"40":{"start":{"line":83,"column":16},"end":{"line":83,"column":49}},"41":{"start":{"line":85,"column":12},"end":{"line":87,"column":13}},"42":{"start":{"line":86,"column":16},"end":{"line":86,"column":53}},"43":{"start":{"line":90,"column":8},"end":{"line":90,"column":27}},"44":{"start":{"line":93,"column":30},"end":{"line":95,"column":9}},"45":{"start":{"line":94,"column":12},"end":{"line":94,"column":36}},"46":{"start":{"line":97,"column":8},"end":{"line":97,"column":41}},"47":{"start":{"line":101,"column":19},"end":{"line":101,"column":28}},"48":{"start":{"line":102,"column":8},"end":{"line":107,"column":9}},"49":{"start":{"line":103,"column":12},"end":{"line":105,"column":13}},"50":{"start":{"line":104,"column":16},"end":{"line":104,"column":25}},"51":{"start":{"line":106,"column":12},"end":{"line":106,"column":43}},"52":{"start":{"line":108,"column":8},"end":{"line":108,"column":26}},"53":{"start":{"line":112,"column":32},"end":{"line":112,"column":34}},"54":{"start":{"line":113,"column":20},"end":{"line":113,"column":21}},"55":{"start":{"line":116,"column":20},"end":{"line":127,"column":9}},"56":{"start":{"line":117,"column":12},"end":{"line":119,"column":13}},"57":{"start":{"line":118,"column":16},"end":{"line":118,"column":23}},"58":{"start":{"line":120,"column":12},"end":{"line":123,"column":13}},"59":{"start":{"line":121,"column":16},"end":{"line":121,"column":50}},"60":{"start":{"line":122,"column":16},"end":{"line":122,"column":24}},"61":{"start":{"line":124,"column":12},"end":{"line":126,"column":13}},"62":{"start":{"line":125,"column":16},"end":{"line":125,"column":51}},"63":{"start":{"line":129,"column":8},"end":{"line":129,"column":27}},"64":{"start":{"line":130,"column":8},"end":{"line":130,"column":31}},"65":{"start":{"line":134,"column":8},"end":{"line":134,"column":35}},"66":{"start":{"line":138,"column":0},"end":{"line":138,"column":22}}},"fnMap":{"0":{"name":"(anonymous_0)","decl":{"start":{"line":3,"column":4},"end":{"line":3,"column":5}},"loc":{"start":{"line":3,"column":18},"end":{"line":8,"column":5}},"line":3},"1":{"name":"(anonymous_1)","decl":{"start":{"line":12,"column":4},"end":{"line":12,"column":5}},"loc":{"start":{"line":12,"column":18},"end":{"line":14,"column":5}},"line":12},"2":{"name":"(anonymous_2)","decl":{"start":{"line":17,"column":4},"end":{"line":17,"column":5}},"loc":{"start":{"line":17,"column":14},"end":{"line":28,"column":5}},"line":17},"3":{"name":"(anonymous_3)","decl":{"start":{"line":31,"column":4},"end":{"line":31,"column":5}},"loc":{"start":{"line":31,"column":30},"end":{"line":55,"column":5}},"line":31},"4":{"name":"(anonymous_4)","decl":{"start":{"line":40,"column":31},"end":{"line":40,"column":32}},"loc":{"start":{"line":40,"column":41},"end":{"line":40,"column":63}},"line":40},"5":{"name":"(anonymous_5)","decl":{"start":{"line":50,"column":40},"end":{"line":50,"column":41}},"loc":{"start":{"line":50,"column":50},"end":{"line":50,"column":72}},"line":50},"6":{"name":"(anonymous_6)","decl":{"start":{"line":57,"column":4},"end":{"line":57,"column":5}},"loc":{"start":{"line":57,"column":34},"end":{"line":76,"column":5}},"line":57},"7":{"name":"(anonymous_7)","decl":{"start":{"line":59,"column":20},"end":{"line":59,"column":21}},"loc":{"start":{"line":59,"column":45},"end":{"line":66,"column":9}},"line":59},"8":{"name":"(anonymous_8)","decl":{"start":{"line":71,"column":50},"end":{"line":71,"column":51}},"loc":{"start":{"line":72,"column":12},"end":{"line":72,"column":35}},"line":72},"9":{"name":"(anonymous_9)","decl":{"start":{"line":78,"column":4},"end":{"line":78,"column":5}},"loc":{"start":{"line":78,"column":40},"end":{"line":98,"column":5}},"line":78},"10":{"name":"(anonymous_10)","decl":{"start":{"line":81,"column":20},"end":{"line":81,"column":21}},"loc":{"start":{"line":81,"column":45},"end":{"line":88,"column":9}},"line":81},"11":{"name":"(anonymous_11)","decl":{"start":{"line":93,"column":50},"end":{"line":93,"column":51}},"loc":{"start":{"line":94,"column":12},"end":{"line":94,"column":36}},"line":94},"12":{"name":"(anonymous_12)","decl":{"start":{"line":100,"column":4},"end":{"line":100,"column":5}},"loc":{"start":{"line":100,"column":19},"end":{"line":109,"column":5}},"line":100},"13":{"name":"(anonymous_13)","decl":{"start":{"line":111,"column":4},"end":{"line":111,"column":5}},"loc":{"start":{"line":111,"column":20},"end":{"line":131,"column":5}},"line":111},"14":{"name":"(anonymous_14)","decl":{"start":{"line":116,"column":20},"end":{"line":116,"column":21}},"loc":{"start":{"line":116,"column":43},"end":{"line":127,"column":9}},"line":116},"15":{"name":"(anonymous_15)","decl":{"start":{"line":133,"column":4},"end":{"line":133,"column":5}},"loc":{"start":{"line":133,"column":12},"end":{"line":135,"column":5}},"line":133}},"branchMap":{"0":{"loc":{"start":{"line":20,"column":12},"end":{"line":22,"column":13}},"type":"if","locations":[{"start":{"line":20,"column":12},"end":{"line":22,"column":13}},{"start":{},"end":{}}],"line":20},"1":{"loc":{"start":{"line":42,"column":12},"end":{"line":44,"column":13}},"type":"if","locations":[{"start":{"line":42,"column":12},"end":{"line":44,"column":13}},{"start":{},"end":{}}],"line":42},"2":{"loc":{"start":{"line":48,"column":8},"end":{"line":51,"column":9}},"type":"if","locations":[{"start":{"line":48,"column":8},"end":{"line":51,"column":9}},{"start":{},"end":{}}],"line":48},"3":{"loc":{"start":{"line":60,"column":12},"end":{"line":62,"column":13}},"type":"if","locations":[{"start":{"line":60,"column":12},"end":{"line":62,"column":13}},{"start":{},"end":{}}],"line":60},"4":{"loc":{"start":{"line":82,"column":12},"end":{"line":84,"column":13}},"type":"if","locations":[{"start":{"line":82,"column":12},"end":{"line":84,"column":13}},{"start":{},"end":{}}],"line":82},"5":{"loc":{"start":{"line":103,"column":12},"end":{"line":105,"column":13}},"type":"if","locations":[{"start":{"line":103,"column":12},"end":{"line":105,"column":13}},{"start":{},"end":{}}],"line":103},"6":{"loc":{"start":{"line":117,"column":12},"end":{"line":119,"column":13}},"type":"if","locations":[{"start":{"line":117,"column":12},"end":{"line":119,"column":13}},{"start":{},"end":{}}],"line":117},"7":{"loc":{"start":{"line":120,"column":12},"end":{"line":123,"column":13}},"type":"if","locations":[{"start":{"line":120,"column":12},"end":{"line":123,"column":13}},{"start":{},"end":{}}],"line":120}},"s":{"0":44,"1":44,"2":44,"3":44,"4":4,"5":16,"6":16,"7":84,"8":40,"9":84,"10":84,"11":16,"12":16,"13":2,"14":2,"15":2,"16":6,"17":6,"18":6,"19":3,"20":6,"21":1,"22":2,"23":1,"24":1,"25":0,"26":2,"27":6,"28":6,"29":66,"30":24,"31":66,"32":60,"33":6,"34":6,"35":24,"36":6,"37":1,"38":1,"39":11,"40":4,"41":11,"42":10,"43":1,"44":1,"45":4,"46":1,"47":0,"48":0,"49":0,"50":0,"51":0,"52":0,"53":0,"54":0,"55":0,"56":0,"57":0,"58":0,"59":0,"60":0,"61":0,"62":0,"63":0,"64":0,"65":0,"66":1},"f":{"0":44,"1":4,"2":16,"3":2,"4":3,"5":0,"6":6,"7":66,"8":24,"9":1,"10":11,"11":4,"12":0,"13":0,"14":0,"15":0},"b":{"0":[40,44],"1":[1,5],"2":[1,1],"3":[24,42],"4":[4,7],"5":[0,0],"6":[0,0],"7":[0,0]},"_coverageSchema":"1a1c01bbd47fc00a2c39e90264f33305004495a9","hash":"e1e433c577d2ce03b44a5b74e87d70c742705091"}
}
