{"C:\\Users\\jonsh\\Documents\\Dev\\word-search-api\\app.js": {"path":"C:\\Users\\jonsh\\Documents\\Dev\\word-search-api\\app.js","statementMap":{"0":{"start":{"line":1,"column":16},"end":{"line":1,"column":34}},"1":{"start":{"line":2,"column":11},"end":{"line":2,"column":24}},"2":{"start":{"line":3,"column":13},"end":{"line":3,"column":28}},"3":{"start":{"line":4,"column":26},"end":{"line":4,"column":40}},"4":{"start":{"line":5,"column":13},"end":{"line":5,"column":33}},"5":{"start":{"line":7,"column":12},"end":{"line":7,"column":21}},"6":{"start":{"line":8,"column":13},"end":{"line":8,"column":17}},"7":{"start":{"line":9,"column":0},"end":{"line":9,"column":56}},"8":{"start":{"line":10,"column":0},"end":{"line":10,"column":24}},"9":{"start":{"line":12,"column":0},"end":{"line":14,"column":3}},"10":{"start":{"line":13,"column":4},"end":{"line":13,"column":47}},"11":{"start":{"line":16,"column":11},"end":{"line":16,"column":15}},"12":{"start":{"line":17,"column":18},"end":{"line":17,"column":22}},"13":{"start":{"line":19,"column":18},"end":{"line":29,"column":1}},"14":{"start":{"line":20,"column":4},"end":{"line":22,"column":5}},"15":{"start":{"line":21,"column":8},"end":{"line":21,"column":26}},"16":{"start":{"line":24,"column":18},"end":{"line":24,"column":35}},"17":{"start":{"line":25,"column":4},"end":{"line":27,"column":7}},"18":{"start":{"line":26,"column":8},"end":{"line":26,"column":23}},"19":{"start":{"line":28,"column":4},"end":{"line":28,"column":16}},"20":{"start":{"line":32,"column":0},"end":{"line":60,"column":3}},"21":{"start":{"line":33,"column":4},"end":{"line":59,"column":5}},"22":{"start":{"line":34,"column":8},"end":{"line":56,"column":9}},"23":{"start":{"line":35,"column":29},"end":{"line":35,"column":76}},"24":{"start":{"line":37,"column":12},"end":{"line":37,"column":47}},"25":{"start":{"line":40,"column":12},"end":{"line":40,"column":72}},"26":{"start":{"line":42,"column":12},"end":{"line":42,"column":62}},"27":{"start":{"line":43,"column":12},"end":{"line":43,"column":44}},"28":{"start":{"line":46,"column":12},"end":{"line":46,"column":46}},"29":{"start":{"line":48,"column":12},"end":{"line":55,"column":13}},"30":{"start":{"line":50,"column":16},"end":{"line":50,"column":56}},"31":{"start":{"line":53,"column":16},"end":{"line":53,"column":61}},"32":{"start":{"line":54,"column":16},"end":{"line":54,"column":62}},"33":{"start":{"line":58,"column":8},"end":{"line":58,"column":42}},"34":{"start":{"line":63,"column":4},"end":{"line":63,"column":47}},"35":{"start":{"line":67,"column":0},"end":{"line":82,"column":3}},"36":{"start":{"line":68,"column":4},"end":{"line":81,"column":5}},"37":{"start":{"line":69,"column":27},"end":{"line":69,"column":42}},"38":{"start":{"line":70,"column":8},"end":{"line":70,"column":67}},"39":{"start":{"line":72,"column":30},"end":{"line":72,"column":58}},"40":{"start":{"line":75,"column":8},"end":{"line":75,"column":48}},"41":{"start":{"line":77,"column":8},"end":{"line":77,"column":35}},"42":{"start":{"line":79,"column":8},"end":{"line":79,"column":54}},"43":{"start":{"line":80,"column":8},"end":{"line":80,"column":65}},"44":{"start":{"line":85,"column":0},"end":{"line":97,"column":3}},"45":{"start":{"line":86,"column":27},"end":{"line":86,"column":36}},"46":{"start":{"line":88,"column":4},"end":{"line":90,"column":5}},"47":{"start":{"line":89,"column":8},"end":{"line":89,"column":70}},"48":{"start":{"line":93,"column":18},"end":{"line":93,"column":43}},"49":{"start":{"line":96,"column":4},"end":{"line":96,"column":36}},"50":{"start":{"line":100,"column":18},"end":{"line":100,"column":56}},"51":{"start":{"line":101,"column":4},"end":{"line":101,"column":62}},"52":{"start":{"line":102,"column":4},"end":{"line":102,"column":23}},"53":{"start":{"line":106,"column":0},"end":{"line":116,"column":3}},"54":{"start":{"line":107,"column":44},"end":{"line":107,"column":52}},"55":{"start":{"line":108,"column":4},"end":{"line":108,"column":71}},"56":{"start":{"line":111,"column":4},"end":{"line":111,"column":72}},"57":{"start":{"line":112,"column":4},"end":{"line":112,"column":54}},"58":{"start":{"line":115,"column":4},"end":{"line":115,"column":38}},"59":{"start":{"line":120,"column":18},"end":{"line":123,"column":5}},"60":{"start":{"line":124,"column":4},"end":{"line":124,"column":51}},"61":{"start":{"line":125,"column":4},"end":{"line":125,"column":23}},"62":{"start":{"line":129,"column":0},"end":{"line":141,"column":3}},"63":{"start":{"line":130,"column":27},"end":{"line":130,"column":35}},"64":{"start":{"line":132,"column":4},"end":{"line":132,"column":57}},"65":{"start":{"line":135,"column":4},"end":{"line":135,"column":54}},"66":{"start":{"line":136,"column":4},"end":{"line":136,"column":54}},"67":{"start":{"line":137,"column":4},"end":{"line":137,"column":32}},"68":{"start":{"line":140,"column":4},"end":{"line":140,"column":38}},"69":{"start":{"line":148,"column":0},"end":{"line":152,"column":1}},"70":{"start":{"line":149,"column":4},"end":{"line":151,"column":7}},"71":{"start":{"line":150,"column":8},"end":{"line":150,"column":57}},"72":{"start":{"line":154,"column":0},"end":{"line":159,"column":2}}},"fnMap":{"0":{"name":"(anonymous_0)","decl":{"start":{"line":12,"column":13},"end":{"line":12,"column":14}},"loc":{"start":{"line":12,"column":27},"end":{"line":14,"column":1}},"line":12},"1":{"name":"(anonymous_1)","decl":{"start":{"line":19,"column":18},"end":{"line":19,"column":19}},"loc":{"start":{"line":19,"column":34},"end":{"line":29,"column":1}},"line":19},"2":{"name":"(anonymous_2)","decl":{"start":{"line":25,"column":18},"end":{"line":25,"column":19}},"loc":{"start":{"line":25,"column":28},"end":{"line":27,"column":5}},"line":25},"3":{"name":"(anonymous_3)","decl":{"start":{"line":32,"column":27},"end":{"line":32,"column":28}},"loc":{"start":{"line":32,"column":47},"end":{"line":60,"column":1}},"line":32},"4":{"name":"searchTrie","decl":{"start":{"line":62,"column":9},"end":{"line":62,"column":19}},"loc":{"start":{"line":62,"column":38},"end":{"line":64,"column":1}},"line":62},"5":{"name":"(anonymous_5)","decl":{"start":{"line":67,"column":23},"end":{"line":67,"column":24}},"loc":{"start":{"line":67,"column":43},"end":{"line":82,"column":1}},"line":67},"6":{"name":"(anonymous_6)","decl":{"start":{"line":85,"column":32},"end":{"line":85,"column":33}},"loc":{"start":{"line":85,"column":46},"end":{"line":97,"column":1}},"line":85},"7":{"name":"replaceText","decl":{"start":{"line":99,"column":9},"end":{"line":99,"column":20}},"loc":{"start":{"line":99,"column":63},"end":{"line":103,"column":1}},"line":99},"8":{"name":"(anonymous_8)","decl":{"start":{"line":106,"column":25},"end":{"line":106,"column":26}},"loc":{"start":{"line":106,"column":39},"end":{"line":116,"column":1}},"line":106},"9":{"name":"deleteText","decl":{"start":{"line":118,"column":9},"end":{"line":118,"column":19}},"loc":{"start":{"line":118,"column":45},"end":{"line":126,"column":1}},"line":118},"10":{"name":"(anonymous_10)","decl":{"start":{"line":129,"column":24},"end":{"line":129,"column":25}},"loc":{"start":{"line":129,"column":38},"end":{"line":141,"column":1}},"line":129},"11":{"name":"(anonymous_11)","decl":{"start":{"line":149,"column":21},"end":{"line":149,"column":22}},"loc":{"start":{"line":149,"column":27},"end":{"line":151,"column":5}},"line":149}},"branchMap":{"0":{"loc":{"start":{"line":20,"column":4},"end":{"line":22,"column":5}},"type":"if","locations":[{"start":{"line":20,"column":4},"end":{"line":22,"column":5}},{"start":{},"end":{}}],"line":20},"1":{"loc":{"start":{"line":33,"column":4},"end":{"line":59,"column":5}},"type":"if","locations":[{"start":{"line":33,"column":4},"end":{"line":59,"column":5}},{"start":{"line":57,"column":11},"end":{"line":59,"column":5}}],"line":33},"2":{"loc":{"start":{"line":33,"column":8},"end":{"line":33,"column":29}},"type":"binary-expr","locations":[{"start":{"line":33,"column":8},"end":{"line":33,"column":13}},{"start":{"line":33,"column":17},"end":{"line":33,"column":29}}],"line":33},"3":{"loc":{"start":{"line":48,"column":12},"end":{"line":55,"column":13}},"type":"if","locations":[{"start":{"line":48,"column":12},"end":{"line":55,"column":13}},{"start":{"line":51,"column":19},"end":{"line":55,"column":13}}],"line":48},"4":{"loc":{"start":{"line":88,"column":4},"end":{"line":90,"column":5}},"type":"if","locations":[{"start":{"line":88,"column":4},"end":{"line":90,"column":5}},{"start":{},"end":{}}],"line":88},"5":{"loc":{"start":{"line":88,"column":8},"end":{"line":88,"column":47}},"type":"binary-expr","locations":[{"start":{"line":88,"column":8},"end":{"line":88,"column":19}},{"start":{"line":88,"column":23},"end":{"line":88,"column":47}}],"line":88},"6":{"loc":{"start":{"line":148,"column":0},"end":{"line":152,"column":1}},"type":"if","locations":[{"start":{"line":148,"column":0},"end":{"line":152,"column":1}},{"start":{},"end":{}}],"line":148}},"s":{"0":1,"1":1,"2":1,"3":1,"4":1,"5":1,"6":1,"7":1,"8":1,"9":1,"10":0,"11":1,"12":1,"13":1,"14":0,"15":0,"16":0,"17":0,"18":0,"19":0,"20":1,"21":0,"22":0,"23":0,"24":0,"25":0,"26":0,"27":0,"28":0,"29":0,"30":0,"31":0,"32":0,"33":0,"34":2,"35":1,"36":0,"37":0,"38":0,"39":0,"40":0,"41":0,"42":0,"43":0,"44":1,"45":0,"46":0,"47":0,"48":0,"49":0,"50":1,"51":1,"52":1,"53":1,"54":0,"55":0,"56":0,"57":0,"58":0,"59":1,"60":1,"61":1,"62":1,"63":0,"64":0,"65":0,"66":0,"67":0,"68":0,"69":1,"70":0,"71":0,"72":1},"f":{"0":0,"1":0,"2":0,"3":0,"4":2,"5":0,"6":0,"7":1,"8":0,"9":1,"10":0,"11":0},"b":{"0":[0,0],"1":[0,0],"2":[0,0],"3":[0,0],"4":[0,0],"5":[0,0],"6":[0,1]},"_coverageSchema":"1a1c01bbd47fc00a2c39e90264f33305004495a9","hash":"90fe8695d8f6fe9f001a3ec46064bd27aa5bf131"}
,"C:\\Users\\jonsh\\Documents\\Dev\\word-search-api\\trie.js": {"path":"C:\\Users\\jonsh\\Documents\\Dev\\word-search-api\\trie.js","statementMap":{"0":{"start":{"line":4,"column":8},"end":{"line":4,"column":34}},"1":{"start":{"line":5,"column":8},"end":{"line":5,"column":33}},"2":{"start":{"line":6,"column":8},"end":{"line":6,"column":34}},"3":{"start":{"line":7,"column":8},"end":{"line":7,"column":23}},"4":{"start":{"line":13,"column":8},"end":{"line":13,"column":35}},"5":{"start":{"line":18,"column":19},"end":{"line":18,"column":28}},"6":{"start":{"line":19,"column":8},"end":{"line":25,"column":9}},"7":{"start":{"line":20,"column":12},"end":{"line":22,"column":13}},"8":{"start":{"line":21,"column":16},"end":{"line":21,"column":56}},"9":{"start":{"line":23,"column":12},"end":{"line":23,"column":43}},"10":{"start":{"line":24,"column":12},"end":{"line":24,"column":44}},"11":{"start":{"line":26,"column":8},"end":{"line":26,"column":32}},"12":{"start":{"line":27,"column":8},"end":{"line":27,"column":21}},"13":{"start":{"line":32,"column":29},"end":{"line":32,"column":38}},"14":{"start":{"line":35,"column":8},"end":{"line":45,"column":9}},"15":{"start":{"line":35,"column":23},"end":{"line":35,"column":35}},"16":{"start":{"line":36,"column":27},"end":{"line":36,"column":50}},"17":{"start":{"line":37,"column":31},"end":{"line":37,"column":65}},"18":{"start":{"line":40,"column":12},"end":{"line":40,"column":65}},"19":{"start":{"line":40,"column":41},"end":{"line":40,"column":63}},"20":{"start":{"line":42,"column":12},"end":{"line":44,"column":13}},"21":{"start":{"line":43,"column":16},"end":{"line":43,"column":22}},"22":{"start":{"line":48,"column":8},"end":{"line":51,"column":9}},"23":{"start":{"line":49,"column":40},"end":{"line":49,"column":76}},"24":{"start":{"line":50,"column":12},"end":{"line":50,"column":74}},"25":{"start":{"line":50,"column":50},"end":{"line":50,"column":72}},"26":{"start":{"line":54,"column":8},"end":{"line":54,"column":52}},"27":{"start":{"line":58,"column":29},"end":{"line":58,"column":31}},"28":{"start":{"line":59,"column":20},"end":{"line":66,"column":9}},"29":{"start":{"line":60,"column":12},"end":{"line":62,"column":13}},"30":{"start":{"line":61,"column":16},"end":{"line":61,"column":49}},"31":{"start":{"line":63,"column":12},"end":{"line":65,"column":13}},"32":{"start":{"line":64,"column":16},"end":{"line":64,"column":53}},"33":{"start":{"line":68,"column":8},"end":{"line":68,"column":27}},"34":{"start":{"line":71,"column":30},"end":{"line":73,"column":9}},"35":{"start":{"line":72,"column":12},"end":{"line":72,"column":35}},"36":{"start":{"line":75,"column":8},"end":{"line":75,"column":41}},"37":{"start":{"line":79,"column":29},"end":{"line":79,"column":31}},"38":{"start":{"line":81,"column":20},"end":{"line":88,"column":9}},"39":{"start":{"line":82,"column":12},"end":{"line":84,"column":13}},"40":{"start":{"line":83,"column":16},"end":{"line":83,"column":49}},"41":{"start":{"line":85,"column":12},"end":{"line":87,"column":13}},"42":{"start":{"line":86,"column":16},"end":{"line":86,"column":53}},"43":{"start":{"line":90,"column":8},"end":{"line":90,"column":27}},"44":{"start":{"line":93,"column":30},"end":{"line":95,"column":9}},"45":{"start":{"line":94,"column":12},"end":{"line":94,"column":36}},"46":{"start":{"line":97,"column":8},"end":{"line":97,"column":41}},"47":{"start":{"line":101,"column":19},"end":{"line":101,"column":28}},"48":{"start":{"line":102,"column":8},"end":{"line":107,"column":9}},"49":{"start":{"line":103,"column":12},"end":{"line":105,"column":13}},"50":{"start":{"line":104,"column":16},"end":{"line":104,"column":25}},"51":{"start":{"line":106,"column":12},"end":{"line":106,"column":43}},"52":{"start":{"line":108,"column":8},"end":{"line":108,"column":26}},"53":{"start":{"line":112,"column":0},"end":{"line":112,"column":22}}},"fnMap":{"0":{"name":"(anonymous_0)","decl":{"start":{"line":3,"column":4},"end":{"line":3,"column":5}},"loc":{"start":{"line":3,"column":18},"end":{"line":8,"column":5}},"line":3},"1":{"name":"(anonymous_1)","decl":{"start":{"line":12,"column":4},"end":{"line":12,"column":5}},"loc":{"start":{"line":12,"column":18},"end":{"line":14,"column":5}},"line":12},"2":{"name":"(anonymous_2)","decl":{"start":{"line":17,"column":4},"end":{"line":17,"column":5}},"loc":{"start":{"line":17,"column":14},"end":{"line":28,"column":5}},"line":17},"3":{"name":"(anonymous_3)","decl":{"start":{"line":31,"column":4},"end":{"line":31,"column":5}},"loc":{"start":{"line":31,"column":30},"end":{"line":55,"column":5}},"line":31},"4":{"name":"(anonymous_4)","decl":{"start":{"line":40,"column":31},"end":{"line":40,"column":32}},"loc":{"start":{"line":40,"column":41},"end":{"line":40,"column":63}},"line":40},"5":{"name":"(anonymous_5)","decl":{"start":{"line":50,"column":40},"end":{"line":50,"column":41}},"loc":{"start":{"line":50,"column":50},"end":{"line":50,"column":72}},"line":50},"6":{"name":"(anonymous_6)","decl":{"start":{"line":57,"column":4},"end":{"line":57,"column":5}},"loc":{"start":{"line":57,"column":34},"end":{"line":76,"column":5}},"line":57},"7":{"name":"(anonymous_7)","decl":{"start":{"line":59,"column":20},"end":{"line":59,"column":21}},"loc":{"start":{"line":59,"column":45},"end":{"line":66,"column":9}},"line":59},"8":{"name":"(anonymous_8)","decl":{"start":{"line":71,"column":50},"end":{"line":71,"column":51}},"loc":{"start":{"line":72,"column":12},"end":{"line":72,"column":35}},"line":72},"9":{"name":"(anonymous_9)","decl":{"start":{"line":78,"column":4},"end":{"line":78,"column":5}},"loc":{"start":{"line":78,"column":40},"end":{"line":98,"column":5}},"line":78},"10":{"name":"(anonymous_10)","decl":{"start":{"line":81,"column":20},"end":{"line":81,"column":21}},"loc":{"start":{"line":81,"column":45},"end":{"line":88,"column":9}},"line":81},"11":{"name":"(anonymous_11)","decl":{"start":{"line":93,"column":50},"end":{"line":93,"column":51}},"loc":{"start":{"line":94,"column":12},"end":{"line":94,"column":36}},"line":94},"12":{"name":"(anonymous_12)","decl":{"start":{"line":100,"column":4},"end":{"line":100,"column":5}},"loc":{"start":{"line":100,"column":19},"end":{"line":109,"column":5}},"line":100}},"branchMap":{"0":{"loc":{"start":{"line":20,"column":12},"end":{"line":22,"column":13}},"type":"if","locations":[{"start":{"line":20,"column":12},"end":{"line":22,"column":13}},{"start":{},"end":{}}],"line":20},"1":{"loc":{"start":{"line":42,"column":12},"end":{"line":44,"column":13}},"type":"if","locations":[{"start":{"line":42,"column":12},"end":{"line":44,"column":13}},{"start":{},"end":{}}],"line":42},"2":{"loc":{"start":{"line":48,"column":8},"end":{"line":51,"column":9}},"type":"if","locations":[{"start":{"line":48,"column":8},"end":{"line":51,"column":9}},{"start":{},"end":{}}],"line":48},"3":{"loc":{"start":{"line":60,"column":12},"end":{"line":62,"column":13}},"type":"if","locations":[{"start":{"line":60,"column":12},"end":{"line":62,"column":13}},{"start":{},"end":{}}],"line":60},"4":{"loc":{"start":{"line":82,"column":12},"end":{"line":84,"column":13}},"type":"if","locations":[{"start":{"line":82,"column":12},"end":{"line":84,"column":13}},{"start":{},"end":{}}],"line":82},"5":{"loc":{"start":{"line":103,"column":12},"end":{"line":105,"column":13}},"type":"if","locations":[{"start":{"line":103,"column":12},"end":{"line":105,"column":13}},{"start":{},"end":{}}],"line":103}},"s":{"0":44,"1":44,"2":44,"3":44,"4":4,"5":16,"6":16,"7":84,"8":40,"9":84,"10":84,"11":16,"12":16,"13":2,"14":2,"15":2,"16":6,"17":6,"18":6,"19":3,"20":6,"21":1,"22":2,"23":1,"24":1,"25":0,"26":2,"27":6,"28":6,"29":66,"30":24,"31":66,"32":60,"33":6,"34":6,"35":24,"36":6,"37":1,"38":1,"39":11,"40":4,"41":11,"42":10,"43":1,"44":1,"45":4,"46":1,"47":0,"48":0,"49":0,"50":0,"51":0,"52":0,"53":1},"f":{"0":44,"1":4,"2":16,"3":2,"4":3,"5":0,"6":6,"7":66,"8":24,"9":1,"10":11,"11":4,"12":0},"b":{"0":[40,44],"1":[1,5],"2":[1,1],"3":[24,42],"4":[4,7],"5":[0,0]},"_coverageSchema":"1a1c01bbd47fc00a2c39e90264f33305004495a9","hash":"e903f63ed5e216906241885fa110be74276158f5"}
}
