TN:
SF:app.js
FN:12,(anonymous_0)
FN:19,(anonymous_1)
FN:25,(anonymous_2)
FN:32,(anonymous_3)
FN:62,searchTrie
FN:67,(anonymous_5)
FN:85,(anonymous_6)
FN:99,replaceText
FN:106,(anonymous_8)
FN:118,deleteText
FN:129,(anonymous_10)
FN:149,(anonymous_11)
FNF:12
FNH:3
FNDA:0,(anonymous_0)
FNDA:0,(anonymous_1)
FNDA:0,(anonymous_2)
FNDA:0,(anonymous_3)
FNDA:2,searchTrie
FNDA:0,(anonymous_5)
FNDA:0,(anonymous_6)
FNDA:1,replaceText
FNDA:0,(anonymous_8)
FNDA:1,deleteText
FNDA:0,(anonymous_10)
FNDA:0,(anonymous_11)
DA:1,1
DA:2,1
DA:3,1
DA:4,1
DA:5,1
DA:7,1
DA:8,1
DA:9,1
DA:10,1
DA:12,1
DA:13,0
DA:16,1
DA:17,1
DA:19,1
DA:20,0
DA:21,0
DA:24,0
DA:25,0
DA:26,0
DA:28,0
DA:32,1
DA:33,0
DA:34,0
DA:35,0
DA:37,0
DA:40,0
DA:42,0
DA:43,0
DA:46,0
DA:48,0
DA:50,0
DA:53,0
DA:54,0
DA:58,0
DA:63,2
DA:67,1
DA:68,0
DA:69,0
DA:70,0
DA:72,0
DA:75,0
DA:77,0
DA:79,0
DA:80,0
DA:85,1
DA:86,0
DA:88,0
DA:89,0
DA:93,0
DA:96,0
DA:100,1
DA:101,1
DA:102,1
DA:106,1
DA:107,0
DA:108,0
DA:111,0
DA:112,0
DA:115,0
DA:120,1
DA:124,1
DA:125,1
DA:129,1
DA:130,0
DA:132,0
DA:135,0
DA:136,0
DA:137,0
DA:140,0
DA:148,1
DA:149,0
DA:150,0
DA:154,1
LF:73
LH:27
BRDA:20,0,0,0
BRDA:20,0,1,0
BRDA:33,1,0,0
BRDA:33,1,1,0
BRDA:33,2,0,0
BRDA:33,2,1,0
BRDA:48,3,0,0
BRDA:48,3,1,0
BRDA:88,4,0,0
BRDA:88,4,1,0
BRDA:88,5,0,0
BRDA:88,5,1,0
BRDA:148,6,0,0
BRDA:148,6,1,1
BRF:14
BRH:1
end_of_record
TN:
SF:trie.js
FN:3,(anonymous_0)
FN:12,(anonymous_1)
FN:17,(anonymous_2)
FN:31,(anonymous_3)
FN:40,(anonymous_4)
FN:50,(anonymous_5)
FN:57,(anonymous_6)
FN:59,(anonymous_7)
FN:71,(anonymous_8)
FN:78,(anonymous_9)
FN:81,(anonymous_10)
FN:93,(anonymous_11)
FN:100,(anonymous_12)
FNF:13
FNH:11
FNDA:44,(anonymous_0)
FNDA:4,(anonymous_1)
FNDA:16,(anonymous_2)
FNDA:2,(anonymous_3)
FNDA:3,(anonymous_4)
FNDA:0,(anonymous_5)
FNDA:6,(anonymous_6)
FNDA:66,(anonymous_7)
FNDA:24,(anonymous_8)
FNDA:1,(anonymous_9)
FNDA:11,(anonymous_10)
FNDA:4,(anonymous_11)
FNDA:0,(anonymous_12)
DA:4,44
DA:5,44
DA:6,44
DA:7,44
DA:13,4
DA:18,16
DA:19,16
DA:20,84
DA:21,40
DA:23,84
DA:24,84
DA:26,16
DA:27,16
DA:32,2
DA:35,2
DA:36,6
DA:37,6
DA:40,6
DA:42,6
DA:43,1
DA:48,2
DA:49,1
DA:50,1
DA:54,2
DA:58,6
DA:59,6
DA:60,66
DA:61,24
DA:63,66
DA:64,60
DA:68,6
DA:71,6
DA:72,24
DA:75,6
DA:79,1
DA:81,1
DA:82,11
DA:83,4
DA:85,11
DA:86,10
DA:90,1
DA:93,1
DA:94,4
DA:97,1
DA:101,0
DA:102,0
DA:103,0
DA:104,0
DA:106,0
DA:108,0
DA:112,1
LF:51
LH:45
BRDA:20,0,0,40
BRDA:20,0,1,44
BRDA:42,1,0,1
BRDA:42,1,1,5
BRDA:48,2,0,1
BRDA:48,2,1,1
BRDA:60,3,0,24
BRDA:60,3,1,42
BRDA:82,4,0,4
BRDA:82,4,1,7
BRDA:103,5,0,0
BRDA:103,5,1,0
BRF:12
BRH:10
end_of_record
